TN:
SF:src/app.controller.ts
FN:6,(anonymous_2)
FN:9,(anonymous_3)
FNF:2
FNH:2
FNDA:1,(anonymous_2)
FNDA:1,(anonymous_3)
DA:1,1
DA:2,1
DA:5,1
DA:6,1
DA:8,1
DA:10,1
LF:6
LH:6
BRF:0
BRH:0
end_of_record
TN:
SF:src/app.module.ts
FNF:0
FNH:0
DA:1,0
DA:2,0
DA:3,0
DA:4,0
DA:5,0
DA:12,0
LF:6
LH:0
BRF:0
BRH:0
end_of_record
TN:
SF:src/app.service.ts
FN:5,(anonymous_1)
FNF:1
FNH:1
FNDA:1,(anonymous_1)
DA:1,1
DA:4,1
DA:6,1
LF:3
LH:3
BRF:0
BRH:0
end_of_record
TN:
SF:src/main.ts
FN:4,bootstrap
FNF:1
FNH:0
FNDA:0,bootstrap
DA:1,0
DA:2,0
DA:5,0
DA:6,0
DA:8,0
LF:5
LH:0
BRF:0
BRH:0
end_of_record
TN:
SF:src/banner-gallery/banner-gallery.controller.ts
FNF:0
FNH:0
DA:1,1
DA:4,1
LF:2
LH:2
BRF:0
BRH:0
end_of_record
TN:
SF:src/banner-gallery/banner-gallery.module.ts
FNF:0
FNH:0
DA:1,0
DA:2,0
DA:3,0
DA:4,0
DA:16,0
LF:5
LH:0
BRF:0
BRH:0
end_of_record
TN:
SF:src/banner-gallery/banner-gallery.service.ts
FN:6,(anonymous_2)
FN:8,(anonymous_3)
FN:12,(anonymous_4)
FN:16,(anonymous_5)
FNF:4
FNH:4
FNDA:3,(anonymous_2)
FNDA:1,(anonymous_3)
FNDA:1,(anonymous_4)
FNDA:1,(anonymous_5)
DA:1,1
DA:5,1
DA:6,3
DA:9,1
DA:13,1
DA:17,1
LF:6
LH:6
BRF:0
BRH:0
end_of_record
TN:
SF:src/banner-gallery/adapters/disk-image-handler-adapter.ts
FN:8,(anonymous_1)
FN:11,(anonymous_2)
FN:20,(anonymous_3)
FN:29,(anonymous_4)
FNF:4
FNH:4
FNDA:4,(anonymous_1)
FNDA:3,(anonymous_2)
FNDA:1,(anonymous_3)
FNDA:1,(anonymous_4)
DA:1,1
DA:4,1
DA:5,1
DA:8,1
DA:9,4
DA:12,3
DA:13,3
DA:14,3
DA:16,0
DA:21,1
DA:22,1
DA:23,1
DA:25,0
DA:30,1
DA:31,1
DA:32,1
DA:34,0
LF:17
LH:14
BRF:0
BRH:0
end_of_record
TN:
SF:src/banner-gallery/adapters/s3-image-handler-adapter.ts
FN:17,(anonymous_2)
FN:23,(anonymous_3)
FN:26,(anonymous_4)
FN:47,(anonymous_5)
FN:60,(anonymous_6)
FN:69,(anonymous_7)
FNF:6
FNH:4
FNDA:2,(anonymous_2)
FNDA:2,(anonymous_3)
FNDA:1,(anonymous_4)
FNDA:1,(anonymous_5)
FNDA:0,(anonymous_6)
FNDA:0,(anonymous_7)
DA:1,1
DA:7,1
DA:8,1
DA:9,1
DA:13,1
DA:14,2
DA:15,2
DA:18,2
DA:23,2
DA:24,2
DA:27,1
DA:28,1
DA:29,1
DA:37,1
DA:42,1
DA:44,0
DA:48,1
DA:49,1
DA:55,1
DA:57,0
DA:61,0
DA:62,0
DA:67,0
DA:68,0
DA:70,0
DA:78,0
LF:26
LH:18
BRDA:69,0,0,0
BRDA:69,0,1,0
BRDA:69,1,0,0
BRDA:69,1,1,0
BRDA:69,2,0,0
BRDA:69,2,1,0
BRF:6
BRH:0
end_of_record
